Android_Basic_In_Kotlin/Unit_3_Navigation/lunch-tray/app/build/intermediates/manifest_merge_blame_file/debug/manifest-merger-blame-debug-report.txt
1<?xml version="1.0" encoding="utf-8"?>
2<!--
3  ~ Copyright (C) 2021 The Android Open Source Project.
4  ~
5  ~ Licensed under the Apache License, Version 2.0 (the "License");
6  ~ you may not use this file except in compliance with the License.
7  ~ You may obtain a copy of the License at
8  ~
9  ~     http://www.apache.org/licenses/LICENSE-2.0
10  ~
11  ~ Unless required by applicable law or agreed to in writing, software
12  ~ distributed under the License is distributed on an "AS IS" BASIS,
13  ~ WITHOUT WARRANTIES OR CONDITIONS OF ANY KIND, either express or implied.
14  ~ See the License for the specific language governing permissions and
15  ~ limitations under the License.
16-->
17<manifest xmlns:android="http://schemas.android.com/apk/res/android"
18    package="com.example.lunchtray"
19    android:versionCode="1"
20    android:versionName="1.0" >
21
22    <uses-sdk
23        android:minSdkVersion="21"
23-->src/main/AndroidManifest.xml
24        android:targetSdkVersion="30" />
24-->src/main/AndroidManifest.xml
25
26    <uses-permission android:name="android.permission.REORDER_TASKS" />
26-->[androidx.fragment:fragment-testing:1.3.3] AndroidManifest.xml:25:5-72
26-->[androidx.fragment:fragment-testing:1.3.3] AndroidManifest.xml:25:22-69
27
28    <application
28-->src/main/AndroidManifest.xml:20:5-36:19
29        android:allowBackup="true"
29-->src/main/AndroidManifest.xml:21:9-35
30        android:appComponentFactory="androidx.core.app.CoreComponentFactory"
30-->[androidx.core:core:1.3.2] AndroidManifest.xml:24:18-86
31        android:debuggable="true"
32        android:icon="@mipmap/ic_launcher"
32-->src/main/AndroidManifest.xml:22:9-43
33        android:label="@string/app_name"
33-->src/main/AndroidManifest.xml:23:9-41
34        android:roundIcon="@mipmap/ic_launcher_round"
34-->src/main/AndroidManifest.xml:24:9-54
35        android:supportsRtl="true"
35-->src/main/AndroidManifest.xml:25:9-35
36        android:testOnly="true"
37        android:theme="@style/Theme.LunchTray" >
37-->src/main/AndroidManifest.xml:26:9-47
38        <activity
38-->src/main/AndroidManifest.xml:27:9-35:20
39            android:name="com.example.lunchtray.MainActivity"
39-->src/main/AndroidManifest.xml:28:13-41
40            android:label="@string/app_name" >
40-->src/main/AndroidManifest.xml:29:13-45
41            <intent-filter>
41-->src/main/AndroidManifest.xml:30:13-34:29
42                <action android:name="android.intent.action.MAIN" />
42-->src/main/AndroidManifest.xml:31:17-69
42-->src/main/AndroidManifest.xml:31:25-66
43
44                <category android:name="android.intent.category.LAUNCHER" />
44-->src/main/AndroidManifest.xml:33:17-77
44-->src/main/AndroidManifest.xml:33:27-74
45            </intent-filter>
46        </activity>
47        <activity
47-->[androidx.fragment:fragment-testing:1.3.3] AndroidManifest.xml:28:9-37:20
48            android:name="androidx.fragment.app.testing.FragmentScenario$EmptyFragmentActivity"
48-->[androidx.fragment:fragment-testing:1.3.3] AndroidManifest.xml:29:13-96
49            android:exported="true"
49-->[androidx.fragment:fragment-testing:1.3.3] AndroidManifest.xml:30:13-36
50            android:multiprocess="true"
50-->[androidx.fragment:fragment-testing:1.3.3] AndroidManifest.xml:31:13-40
51            android:taskAffinity=""
51-->[androidx.fragment:fragment-testing:1.3.3] AndroidManifest.xml:32:13-36
52            android:theme="@style/FragmentScenarioEmptyFragmentActivityTheme" >
52-->[androidx.fragment:fragment-testing:1.3.3] AndroidManifest.xml:33:13-78
53            <intent-filter>
53-->[androidx.fragment:fragment-testing:1.3.3] AndroidManifest.xml:34:13-36:29
54                <action android:name="android.intent.action.MAIN" />
54-->src/main/AndroidManifest.xml:31:17-69
54-->src/main/AndroidManifest.xml:31:25-66
55            </intent-filter>
56        </activity>
57        <activity
57-->[androidx.test:core:1.3.0] AndroidManifest.xml:27:9-33:20
58            android:name="androidx.test.core.app.InstrumentationActivityInvoker$BootstrapActivity"
58-->[androidx.test:core:1.3.0] AndroidManifest.xml:28:13-99
59            android:theme="@android:style/Theme" >
59-->[androidx.test:core:1.3.0] AndroidManifest.xml:29:13-49
60            <intent-filter>
60-->[androidx.fragment:fragment-testing:1.3.3] AndroidManifest.xml:34:13-36:29
61                <action android:name="android.intent.action.MAIN" />
61-->src/main/AndroidManifest.xml:31:17-69
61-->src/main/AndroidManifest.xml:31:25-66
62            </intent-filter>
63        </activity>
64        <activity
64-->[androidx.test:core:1.3.0] AndroidManifest.xml:34:9-40:20
65            android:name="androidx.test.core.app.InstrumentationActivityInvoker$EmptyActivity"
65-->[androidx.test:core:1.3.0] AndroidManifest.xml:35:13-95
66            android:theme="@android:style/Theme" >
66-->[androidx.test:core:1.3.0] AndroidManifest.xml:36:13-49
67            <intent-filter>
67-->[androidx.fragment:fragment-testing:1.3.3] AndroidManifest.xml:34:13-36:29
68                <action android:name="android.intent.action.MAIN" />
68-->src/main/AndroidManifest.xml:31:17-69
68-->src/main/AndroidManifest.xml:31:25-66
69            </intent-filter>
70        </activity>
71        <activity
71-->[androidx.test:core:1.3.0] AndroidManifest.xml:41:9-47:20
72            android:name="androidx.test.core.app.InstrumentationActivityInvoker$EmptyFloatingActivity"
72-->[androidx.test:core:1.3.0] AndroidManifest.xml:42:13-103
73            android:theme="@android:style/Theme.Dialog" >
73-->[androidx.test:core:1.3.0] AndroidManifest.xml:43:13-56
74            <intent-filter>
74-->[androidx.fragment:fragment-testing:1.3.3] AndroidManifest.xml:34:13-36:29
75                <action android:name="android.intent.action.MAIN" />
75-->src/main/AndroidManifest.xml:31:17-69
75-->src/main/AndroidManifest.xml:31:25-66
76            </intent-filter>
77        </activity>
78    </application>
79
80</manifest>